2023-11-12 13:06:49.049 [info] Log level: Info
2023-11-12 13:06:49.049 [info] Validating found git in: "git"
2023-11-12 13:06:49.049 [info] Using git "2.25.1" from "git"
2023-11-12 13:06:49.049 [info] > git rev-parse --show-toplevel [18ms]
2023-11-12 13:06:49.049 [info] fatal: detected dubious ownership in repository at '/home/tonny/Desktop/Projects/StudyBud-master'
To add an exception for this directory, call:

	git config --global --add safe.directory /home/tonny/Desktop/Projects/StudyBud-master
2023-11-12 13:06:49.073 [info] > git rev-parse --show-toplevel [2ms]
2023-11-12 13:06:49.073 [info] fatal: detected dubious ownership in repository at '/home/tonny/Desktop/Projects/StudyBud-master'
To add an exception for this directory, call:

	git config --global --add safe.directory /home/tonny/Desktop/Projects/StudyBud-master
2023-11-12 13:06:49.106 [info] > git rev-parse --show-toplevel [13ms]
2023-11-12 13:06:49.106 [info] fatal: detected dubious ownership in repository at '/home/tonny/Desktop/Projects/StudyBud-master'
To add an exception for this directory, call:

	git config --global --add safe.directory /home/tonny/Desktop/Projects/StudyBud-master
2023-11-12 13:06:49.198 [info] > git rev-parse --show-toplevel [30ms]
2023-11-12 13:06:49.198 [info] fatal: detected dubious ownership in repository at '/home/tonny/Desktop/Projects/StudyBud-master'
To add an exception for this directory, call:

	git config --global --add safe.directory /home/tonny/Desktop/Projects/StudyBud-master
2023-11-12 13:06:49.224 [info] > git rev-parse --show-toplevel [9ms]
2023-11-12 13:06:49.224 [info] fatal: detected dubious ownership in repository at '/home/tonny/Desktop/Projects/StudyBud-master'
To add an exception for this directory, call:

	git config --global --add safe.directory /home/tonny/Desktop/Projects/StudyBud-master
2023-11-12 13:06:49.246 [info] > git rev-parse --show-toplevel [8ms]
2023-11-12 13:06:49.246 [info] fatal: detected dubious ownership in repository at '/home/tonny/Desktop/Projects/StudyBud-master'
To add an exception for this directory, call:

	git config --global --add safe.directory /home/tonny/Desktop/Projects/StudyBud-master
2023-11-12 13:06:49.263 [info] > git rev-parse --show-toplevel [4ms]
2023-11-12 13:06:49.263 [info] fatal: detected dubious ownership in repository at '/home/tonny/Desktop/Projects/StudyBud-master'
To add an exception for this directory, call:

	git config --global --add safe.directory /home/tonny/Desktop/Projects/StudyBud-master
2023-11-12 13:06:49.285 [info] > git rev-parse --show-toplevel [6ms]
2023-11-12 13:06:49.285 [info] fatal: detected dubious ownership in repository at '/home/tonny/Desktop/Projects/StudyBud-master'
To add an exception for this directory, call:

	git config --global --add safe.directory /home/tonny/Desktop/Projects/StudyBud-master
2023-11-12 13:06:49.384 [info] > git rev-parse --show-toplevel [15ms]
2023-11-12 13:06:49.384 [info] fatal: detected dubious ownership in repository at '/home/tonny/Desktop/Projects/StudyBud-master'
To add an exception for this directory, call:

	git config --global --add safe.directory /home/tonny/Desktop/Projects/StudyBud-master
2023-11-12 13:06:50.745 [info] > git rev-parse --show-toplevel [4ms]
2023-11-12 13:06:50.745 [info] fatal: detected dubious ownership in repository at '/home/tonny/Desktop/Projects/StudyBud-master'
To add an exception for this directory, call:

	git config --global --add safe.directory /home/tonny/Desktop/Projects/StudyBud-master
2023-11-12 13:06:51.377 [info] > git rev-parse --show-toplevel [3ms]
2023-11-12 13:06:51.377 [info] fatal: detected dubious ownership in repository at '/home/tonny/Desktop/Projects/StudyBud-master'
To add an exception for this directory, call:

	git config --global --add safe.directory /home/tonny/Desktop/Projects/StudyBud-master
2023-11-12 13:06:51.601 [info] > git rev-parse --show-toplevel [4ms]
2023-11-12 13:06:51.601 [info] fatal: detected dubious ownership in repository at '/home/tonny/Desktop/Projects/StudyBud-master'
To add an exception for this directory, call:

	git config --global --add safe.directory /home/tonny/Desktop/Projects/StudyBud-master
2023-11-12 13:06:51.849 [info] > git rev-parse --show-toplevel [3ms]
2023-11-12 13:06:51.849 [info] fatal: detected dubious ownership in repository at '/home/tonny/Desktop/Projects/StudyBud-master'
To add an exception for this directory, call:

	git config --global --add safe.directory /home/tonny/Desktop/Projects/StudyBud-master
2023-11-12 13:07:07.431 [info] > git rev-parse --show-toplevel [3ms]
2023-11-12 13:07:07.432 [info] fatal: detected dubious ownership in repository at '/home/tonny/Desktop/Projects/StudyBud-master'
To add an exception for this directory, call:

	git config --global --add safe.directory /home/tonny/Desktop/Projects/StudyBud-master
2023-11-12 13:07:09.817 [info] > git rev-parse --show-toplevel [13ms]
2023-11-12 13:07:09.818 [info] fatal: detected dubious ownership in repository at '/home/tonny/Desktop/Projects/StudyBud-master'
To add an exception for this directory, call:

	git config --global --add safe.directory /home/tonny/Desktop/Projects/StudyBud-master
2023-11-12 13:07:20.402 [info] > git rev-parse --show-toplevel [3ms]
2023-11-12 13:07:20.402 [info] fatal: detected dubious ownership in repository at '/home/tonny/Desktop/Projects/StudyBud-master'
To add an exception for this directory, call:

	git config --global --add safe.directory /home/tonny/Desktop/Projects/StudyBud-master
