2023-11-12 11:36:29.780 [info] Added views:workbench.panel.markers.view in workbench.panel.markers
2023-11-12 11:36:29.780 [info] Added views:workbench.panel.output in workbench.panel.output
2023-11-12 11:36:29.780 [info] Added views:terminal in terminal
2023-11-12 11:36:29.780 [info] Added views:outline in workbench.view.explorer
2023-11-12 11:36:29.780 [info] Added views:workbench.scm in workbench.view.scm
2023-11-12 11:36:29.780 [info] Added views:workbench.view.search in workbench.view.search
2023-11-12 11:36:29.780 [info] Added views:timeline in workbench.view.explorer
2023-11-12 11:36:29.780 [info] Added views:workbench.explorer.emptyView in workbench.view.explorer
2023-11-12 11:36:30.993 [info] Added views:workbench.debug.variablesView,workbench.debug.watchExpressionsView,workbench.debug.callStackView,workbench.debug.breakPointsView in workbench.view.debug
2023-11-12 11:36:31.895 [info] Added views:~remote.forwardedPorts in ~remote.forwardedPortsContainer
2023-11-12 11:36:32.174 [info] Added views:workbench.panel.repl.view in workbench.panel.repl
2023-11-12 11:36:32.175 [info] Removed views:workbench.debug.breakPointsView,workbench.debug.callStackView,workbench.debug.watchExpressionsView,workbench.debug.variablesView from workbench.view.debug
2023-11-12 11:36:32.175 [info] Added views:workbench.debug.welcome in workbench.view.debug
2023-11-12 11:39:37.586 [info] Added views:workbench.panel.markers.view in workbench.panel.markers
2023-11-12 11:39:37.586 [info] Added views:workbench.panel.output in workbench.panel.output
2023-11-12 11:39:37.586 [info] Added views:terminal in terminal
2023-11-12 11:39:37.586 [info] Added views:outline in workbench.view.explorer
2023-11-12 11:39:37.586 [info] Added views:workbench.scm in workbench.view.scm
2023-11-12 11:39:37.586 [info] Added views:workbench.view.search in workbench.view.search
2023-11-12 11:39:37.586 [info] Added views:timeline in workbench.view.explorer
2023-11-12 11:39:37.586 [info] Added views:workbench.explorer.fileView in workbench.view.explorer
2023-11-12 11:39:38.619 [info] Added views:workbench.debug.variablesView,workbench.debug.watchExpressionsView,workbench.debug.callStackView,workbench.debug.breakPointsView in workbench.view.debug
2023-11-12 11:39:38.743 [info] Added views:workbench.panel.repl.view in workbench.panel.repl
2023-11-12 11:39:38.744 [info] Removed views:workbench.debug.breakPointsView,workbench.debug.callStackView,workbench.debug.watchExpressionsView,workbench.debug.variablesView from workbench.view.debug
2023-11-12 11:39:38.745 [info] Added views:workbench.debug.welcome in workbench.view.debug
2023-11-12 11:39:39.299 [info] Added views:~remote.forwardedPorts in ~remote.forwardedPortsContainer
2023-11-12 11:44:36.434 [info] Added views:workbench.debug.breakPointsView in workbench.view.debug
