2023-11-12 11:36:31.731 [info] Extension host with pid 2526 started
2023-11-12 11:36:32.168 [info] ExtensionService#_doActivateExtension vscode.git-base, startup: true, activationEvent: '*', root cause: vscode.git
2023-11-12 11:36:32.252 [info] ExtensionService#_doActivateExtension vscode.git, startup: true, activationEvent: '*'
2023-11-12 11:36:32.475 [info] ExtensionService#_doActivateExtension vscode.github, startup: true, activationEvent: '*'
2023-11-12 11:36:33.065 [info] Eager extensions activated
2023-11-12 11:36:33.310 [info] ExtensionService#_doActivateExtension vscode.debug-auto-launch, startup: false, activationEvent: 'onStartupFinished'
2023-11-12 11:36:33.321 [info] ExtensionService#_doActivateExtension vscode.merge-conflict, startup: false, activationEvent: 'onStartupFinished'
2023-11-12 11:39:36.560 [info] Extension host terminating: renderer closed the MessagePort
2023-11-12 11:39:36.626 [info] Extension host with pid 2526 exiting with code 0
2023-11-12 11:39:38.631 [info] Extension host with pid 2693 started
2023-11-12 11:39:38.631 [info] Skipping acquiring lock for /home/tonny/Desktop/Projects/StudyBud-master/~/vscode-root/User/workspaceStorage/082494b2ab8e4f01a039a063b4e293d1.
2023-11-12 11:39:38.740 [info] ExtensionService#_doActivateExtension vscode.git-base, startup: true, activationEvent: '*'
2023-11-12 11:39:38.761 [info] ExtensionService#_doActivateExtension vscode.github, startup: true, activationEvent: '*'
2023-11-12 11:39:38.834 [info] Eager extensions activated
2023-11-12 11:39:38.894 [info] ExtensionService#_doActivateExtension vscode.debug-auto-launch, startup: false, activationEvent: 'onStartupFinished'
2023-11-12 11:39:38.898 [info] ExtensionService#_doActivateExtension vscode.merge-conflict, startup: false, activationEvent: 'onStartupFinished'
2023-11-12 11:39:45.036 [info] ExtensionService#_doActivateExtension vscode.git, startup: false, activationEvent: 'api', root cause: vscode.github
2023-11-12 11:39:48.560 [info] ExtensionService#_doActivateExtension vscode.json-language-features, startup: false, activationEvent: 'onLanguage:jsonc'
2023-11-12 11:39:48.740 [info] ExtensionService#_doActivateExtension vscode.typescript-language-features, startup: false, activationEvent: 'onLanguage:jsonc'
2023-11-12 11:39:48.907 [info] ExtensionService#_doActivateExtension vscode.emmet, startup: false, activationEvent: 'onLanguage'
2023-11-12 11:44:16.920 [info] ExtensionService#_doActivateExtension vscode.npm, startup: false, activationEvent: 'onTerminalQuickFixRequest:ms-vscode.npm-command'
2023-11-12 11:44:43.632 [info] ExtensionService#_doActivateExtension vscode.debug-server-ready, startup: false, activationEvent: 'onDebugResolve'
2023-11-12 11:52:16.840 [info] Extension host terminating: renderer closed the MessagePort
2023-11-12 11:52:16.945 [info] Extension host with pid 2693 exiting with code 0
